TN:
SF:src\js-foundation\03-callbacks.ts
FN:13,getUserById
FNF:1
FNH:1
FNDA:2,getUserById
DA:1,1
DA:2,1
DA:3,1
DA:4,1
DA:5,1
DA:6,1
DA:7,1
DA:8,1
DA:9,1
DA:10,1
DA:11,1
DA:12,1
DA:13,2
DA:14,2
DA:15,5
DA:16,2
DA:17,2
DA:18,2
DA:19,1
DA:20,1
DA:21,1
DA:22,1
LF:22
LH:22
BRDA:13,0,0,2
BRDA:18,1,0,1
BRDA:14,2,0,5
BRF:3
BRH:3
end_of_record
TN:
SF:src\js-foundation\05-factory.ts
FN:13,buildMakePerson
FNF:1
FNH:1
FNDA:2,buildMakePerson
DA:1,1
DA:2,1
DA:3,1
DA:4,1
DA:5,1
DA:6,1
DA:7,1
DA:8,1
DA:9,1
DA:10,1
DA:11,1
DA:12,1
DA:13,1
DA:14,2
DA:15,1
DA:16,1
DA:17,1
DA:18,1
DA:19,1
DA:20,1
DA:21,1
DA:22,2
DA:23,1
DA:24,1
DA:25,1
DA:26,1
DA:27,1
DA:28,1
DA:29,1
DA:30,1
DA:31,1
LF:31
LH:31
BRDA:13,0,0,2
BRDA:14,1,0,1
BRF:2
BRH:2
end_of_record
TN:
SF:src\js-foundation\06-promises.ts
FN:13,getPokemonByID
FNF:1
FNH:1
FNDA:2,getPokemonByID
DA:1,1
DA:2,1
DA:3,1
DA:4,1
DA:5,1
DA:6,1
DA:7,1
DA:8,1
DA:9,1
DA:10,1
DA:11,1
DA:12,1
DA:13,1
DA:14,2
DA:15,2
DA:16,2
DA:17,2
DA:18,1
DA:19,1
DA:20,1
DA:21,1
DA:22,1
DA:23,2
DA:24,2
DA:25,2
LF:25
LH:25
BRDA:13,0,0,2
BRDA:18,1,0,1
BRF:2
BRH:2
end_of_record
TN:
SF:src\plugins\get-age-plugin.ts
FN:3,getAge
FNF:1
FNH:1
FNDA:3,getAge
DA:1,1
DA:2,1
DA:3,1
DA:4,3
DA:5,0
DA:6,0
DA:7,3
DA:8,3
DA:9,3
DA:10,3
DA:11,3
DA:12,3
DA:13,3
LF:13
LH:11
BRDA:3,0,0,3
BRDA:4,1,0,0
BRF:2
BRH:1
end_of_record
